2021-09-04T16:44:27+00:00 CRITICAL Uncaught Error: Call to undefined method WP_Error::get_data() in C:\xampp\htdocs\Websites\ecommerce\wp-content\plugins\woocommerce\packages\woocommerce-blocks\src\RestApi.php:64
Stack trace:
#0 C:\xampp\htdocs\Websites\ecommerce\wp-content\plugins\woocommerce\packages\woocommerce-blocks\src\BlockTypes\AbstractBlock.php(349): Automattic\WooCommerce\Blocks\RestApi->get_routes_from_namespace('wc/store')
#1 C:\xampp\htdocs\Websites\ecommerce\wp-content\plugins\woocommerce\packages\woocommerce-blocks\src\BlockTypes\AbstractBlock.php(287): Automattic\WooCommerce\Blocks\BlockTypes\AbstractBlock->enqueue_data(Array)
#2 C:\xampp\htdocs\Websites\ecommerce\wp-content\plugins\woocommerce\packages\woocommerce-blocks\src\BlockTypes\AbstractBlock.php(84): Automattic\WooCommerce\Blocks\BlockTypes\AbstractBlock->enqueue_assets(Array)
#3 C:\xampp\htdocs\Websites\ecommerce\wp-includes\class-wp-block.php(221): Automattic\WooCommerce\Blocks\BlockTypes\AbstractBlock->render_callback(Array, '', Object(WP_Block))
#4 C:\xampp\htdocs\Websites\ecommerce\wp-includes\blocks.php(864): WP_Block->render()
#5 C:\xampp\htdocs\Websites\ecommerce\wp-includes\blocks.php(902): render_block(Array)
#6 C:\xampp\htdocs\Websites\ecommerce\wp-includes\class-wp-hook.php(305): do_blocks('<!-- wp:woocomm...')
#7 C:\xampp\htdocs\Websites\ecommerce\wp-includes\plugin.php(189): WP_Hook->apply_filters('<!-- wp:woocomm...', Array)
#8 C:\xampp\htdocs\Websites\ecommerce\wp-includes\widgets\class-wp-widget-block.php(81): apply_filters('widget_block_co...', '<!-- wp:woocomm...', Array, Object(WP_Widget_Block))
#9 C:\xampp\htdocs\Websites\ecommerce\wp-includes\class-wp-widget.php(393): WP_Widget_Block->widget(Array, Array)
#10 C:\xampp\htdocs\Websites\ecommerce\wp-includes\widgets.php(831): WP_Widget->display_callback(Array, Array)
#11 C:\xampp\htdocs\Websites\ecommerce\wp-content\plugins\elementor\includes\widgets\sidebar.php(134): dynamic_sidebar('woo_sidebar')
#12 C:\xampp\htdocs\Websites\ecommerce\wp-content\plugins\elementor\includes\base\controls-stack.php(2144): Elementor\Widget_Sidebar->render()
#13 C:\xampp\htdocs\Websites\ecommerce\wp-content\plugins\elementor\includes\base\widget-base.php(581): Elementor\Controls_Stack->render_by_mode()
#14 C:\xampp\htdocs\Websites\ecommerce\wp-content\plugins\elementor\includes\base\widget-base.php(722): Elementor\Widget_Base->render_content()
#15 C:\xampp\htdocs\Websites\ecommerce\wp-content\plugins\elementor\includes\base\element-base.php(450): Elementor\Widget_Base->print_content()
#16 C:\xampp\htdocs\Websites\ecommerce\wp-content\plugins\elementor\includes\base\element-base.php(744): Elementor\Element_Base->print_element()
#17 C:\xampp\htdocs\Websites\ecommerce\wp-content\plugins\elementor\includes\base\element-base.php(450): Elementor\Element_Base->print_content()
#18 C:\xampp\htdocs\Websites\ecommerce\wp-content\plugins\elementor\includes\base\element-base.php(744): Elementor\Element_Base->print_element()
#19 C:\xampp\htdocs\Websites\ecommerce\wp-content\plugins\elementor\includes\base\element-base.php(450): Elementor\Element_Base->print_content()
#20 C:\xampp\htdocs\Websites\ecommerce\wp-content\plugins\elementor\core\base\document.php(1509): Elementor\Element_Base->print_element()
#21 C:\xampp\htdocs\Websites\ecommerce\wp-content\plugins\elementor-pro\modules\theme-builder\documents\theme-document.php(437): Elementor\Core\Base\Document->print_elements(Array)
#22 C:\xampp\htdocs\Websites\ecommerce\wp-content\plugins\elementor\includes\frontend.php(1038): ElementorPro\Modules\ThemeBuilder\Documents\Theme_Document->print_elements_with_wrapper(Array)
#23 C:\xampp\htdocs\Websites\ecommerce\wp-content\plugins\elementor\core\base\document.php(1031): Elementor\Frontend->get_builder_content(425, false)
#24 C:\xampp\htdocs\Websites\ecommerce\wp-content\plugins\elementor-pro\modules\theme-builder\documents\theme-document.php(187): Elementor\Core\Base\Document->get_content(false)
#25 C:\xampp\htdocs\Websites\ecommerce\wp-content\plugins\elementor-pro\modules\theme-builder\documents\theme-document.php(200): ElementorPro\Modules\ThemeBuilder\Documents\Theme_Document->get_content()
#26 C:\xampp\htdocs\Websites\ecommerce\wp-content\plugins\elementor-pro\modules\theme-builder\classes\locations-manager.php(305): ElementorPro\Modules\ThemeBuilder\Documents\Theme_Document->print_content()
#27 C:\xampp\htdocs\Websites\ecommerce\wp-content\plugins\elementor-pro\modules\theme-builder\classes\locations-manager.php(181): ElementorPro\Modules\ThemeBuilder\Classes\Locations_Manager->do_location('archive')
#28 [internal function]: ElementorPro\Modules\ThemeBuilder\Classes\Locations_Manager->ElementorPro\Modules\ThemeBuilder\Classes\{closure}()
#29 C:\xampp\htdocs\Websites\ecommerce\wp-content\plugins\elementor\modules\page-templates\module.php(207): call_user_func(Object(Closure))
#30 C:\xampp\htdocs\Websites\ecommerce\wp-content\plugins\elementor\modules\page-templates\templates\header-footer.php(19): Elementor\Modules\PageTemplates\Module->print_content()
#31 C:\xampp\htdocs\Websites\ecommerce\wp-includes\template-loader.php(106): include('C:\\xampp\\htdocs...')
#32 C:\xampp\htdocs\Websites\ecommerce\wp-blog-header.php(19): require_once('C:\\xampp\\htdocs...')
#33 C:\xampp\htdocs\Websites\ecommerce\index.php(17): require('C:\\xampp\\htdocs...')
#34 {main}
  thrown in C:\xampp\htdocs\Websites\ecommerce\wp-content\plugins\woocommerce\packages\woocommerce-blocks\src\RestApi.php on line 64

2021-09-04T16:50:32+00:00 CRITICAL Uncaught Error: Call to undefined method WP_Error::get_data() in C:\xampp\htdocs\Websites\ecommerce\wp-content\plugins\woocommerce\packages\woocommerce-blocks\src\RestApi.php:64
Stack trace:
#0 C:\xampp\htdocs\Websites\ecommerce\wp-content\plugins\woocommerce\packages\woocommerce-blocks\src\BlockTypes\AbstractBlock.php(349): Automattic\WooCommerce\Blocks\RestApi->get_routes_from_namespace('wc/store')
#1 C:\xampp\htdocs\Websites\ecommerce\wp-content\plugins\woocommerce\packages\woocommerce-blocks\src\BlockTypes\AbstractBlock.php(287): Automattic\WooCommerce\Blocks\BlockTypes\AbstractBlock->enqueue_data(Array)
#2 C:\xampp\htdocs\Websites\ecommerce\wp-content\plugins\woocommerce\packages\woocommerce-blocks\src\BlockTypes\AbstractBlock.php(84): Automattic\WooCommerce\Blocks\BlockTypes\AbstractBlock->enqueue_assets(Array)
#3 C:\xampp\htdocs\Websites\ecommerce\wp-includes\class-wp-block.php(221): Automattic\WooCommerce\Blocks\BlockTypes\AbstractBlock->render_callback(Array, '', Object(WP_Block))
#4 C:\xampp\htdocs\Websites\ecommerce\wp-includes\blocks.php(864): WP_Block->render()
#5 C:\xampp\htdocs\Websites\ecommerce\wp-includes\blocks.php(902): render_block(Array)
#6 C:\xampp\htdocs\Websites\ecommerce\wp-includes\class-wp-hook.php(305): do_blocks('<!-- wp:woocomm...')
#7 C:\xampp\htdocs\Websites\ecommerce\wp-includes\plugin.php(189): WP_Hook->apply_filters('<!-- wp:woocomm...', Array)
#8 C:\xampp\htdocs\Websites\ecommerce\wp-includes\widgets\class-wp-widget-block.php(81): apply_filters('widget_block_co...', '<!-- wp:woocomm...', Array, Object(WP_Widget_Block))
#9 C:\xampp\htdocs\Websites\ecommerce\wp-includes\class-wp-widget.php(393): WP_Widget_Block->widget(Array, Array)
#10 C:\xampp\htdocs\Websites\ecommerce\wp-includes\widgets.php(831): WP_Widget->display_callback(Array, Array)
#11 C:\xampp\htdocs\Websites\ecommerce\wp-content\plugins\elementor\includes\widgets\sidebar.php(134): dynamic_sidebar('woo_sidebar')
#12 C:\xampp\htdocs\Websites\ecommerce\wp-content\plugins\elementor\includes\base\controls-stack.php(2144): Elementor\Widget_Sidebar->render()
#13 C:\xampp\htdocs\Websites\ecommerce\wp-content\plugins\elementor\includes\base\widget-base.php(581): Elementor\Controls_Stack->render_by_mode()
#14 C:\xampp\htdocs\Websites\ecommerce\wp-content\plugins\elementor\includes\base\widget-base.php(722): Elementor\Widget_Base->render_content()
#15 C:\xampp\htdocs\Websites\ecommerce\wp-content\plugins\elementor\includes\base\element-base.php(450): Elementor\Widget_Base->print_content()
#16 C:\xampp\htdocs\Websites\ecommerce\wp-content\plugins\elementor\includes\base\element-base.php(744): Elementor\Element_Base->print_element()
#17 C:\xampp\htdocs\Websites\ecommerce\wp-content\plugins\elementor\includes\base\element-base.php(450): Elementor\Element_Base->print_content()
#18 C:\xampp\htdocs\Websites\ecommerce\wp-content\plugins\elementor\includes\base\element-base.php(744): Elementor\Element_Base->print_element()
#19 C:\xampp\htdocs\Websites\ecommerce\wp-content\plugins\elementor\includes\base\element-base.php(450): Elementor\Element_Base->print_content()
#20 C:\xampp\htdocs\Websites\ecommerce\wp-content\plugins\elementor\core\base\document.php(1509): Elementor\Element_Base->print_element()
#21 C:\xampp\htdocs\Websites\ecommerce\wp-content\plugins\elementor-pro\modules\theme-builder\documents\theme-document.php(437): Elementor\Core\Base\Document->print_elements(Array)
#22 C:\xampp\htdocs\Websites\ecommerce\wp-content\plugins\elementor\includes\frontend.php(1038): ElementorPro\Modules\ThemeBuilder\Documents\Theme_Document->print_elements_with_wrapper(Array)
#23 C:\xampp\htdocs\Websites\ecommerce\wp-content\plugins\elementor\core\base\document.php(1031): Elementor\Frontend->get_builder_content(425, false)
#24 C:\xampp\htdocs\Websites\ecommerce\wp-content\plugins\elementor-pro\modules\theme-builder\documents\theme-document.php(187): Elementor\Core\Base\Document->get_content(false)
#25 C:\xampp\htdocs\Websites\ecommerce\wp-content\plugins\elementor-pro\modules\theme-builder\documents\theme-document.php(200): ElementorPro\Modules\ThemeBuilder\Documents\Theme_Document->get_content()
#26 C:\xampp\htdocs\Websites\ecommerce\wp-content\plugins\elementor-pro\modules\theme-builder\classes\locations-manager.php(305): ElementorPro\Modules\ThemeBuilder\Documents\Theme_Document->print_content()
#27 C:\xampp\htdocs\Websites\ecommerce\wp-content\plugins\elementor-pro\modules\theme-builder\classes\locations-manager.php(181): ElementorPro\Modules\ThemeBuilder\Classes\Locations_Manager->do_location('archive')
#28 [internal function]: ElementorPro\Modules\ThemeBuilder\Classes\Locations_Manager->ElementorPro\Modules\ThemeBuilder\Classes\{closure}()
#29 C:\xampp\htdocs\Websites\ecommerce\wp-content\plugins\elementor\modules\page-templates\module.php(207): call_user_func(Object(Closure))
#30 C:\xampp\htdocs\Websites\ecommerce\wp-content\plugins\elementor\modules\page-templates\templates\header-footer.php(19): Elementor\Modules\PageTemplates\Module->print_content()
#31 C:\xampp\htdocs\Websites\ecommerce\wp-includes\template-loader.php(106): include('C:\\xampp\\htdocs...')
#32 C:\xampp\htdocs\Websites\ecommerce\wp-blog-header.php(19): require_once('C:\\xampp\\htdocs...')
#33 C:\xampp\htdocs\Websites\ecommerce\index.php(17): require('C:\\xampp\\htdocs...')
#34 {main}
  thrown in C:\xampp\htdocs\Websites\ecommerce\wp-content\plugins\woocommerce\packages\woocommerce-blocks\src\RestApi.php on line 64

2021-09-04T16:56:22+00:00 CRITICAL Uncaught Error: Call to undefined method WP_Error::get_data() in C:\xampp\htdocs\Websites\ecommerce\wp-content\plugins\woocommerce\packages\woocommerce-blocks\src\RestApi.php:64
Stack trace:
#0 C:\xampp\htdocs\Websites\ecommerce\wp-content\plugins\woocommerce\packages\woocommerce-blocks\src\BlockTypes\AbstractBlock.php(349): Automattic\WooCommerce\Blocks\RestApi->get_routes_from_namespace('wc/store')
#1 C:\xampp\htdocs\Websites\ecommerce\wp-content\plugins\woocommerce\packages\woocommerce-blocks\src\BlockTypes\AbstractBlock.php(287): Automattic\WooCommerce\Blocks\BlockTypes\AbstractBlock->enqueue_data(Array)
#2 C:\xampp\htdocs\Websites\ecommerce\wp-content\plugins\woocommerce\packages\woocommerce-blocks\src\BlockTypes\AbstractBlock.php(84): Automattic\WooCommerce\Blocks\BlockTypes\AbstractBlock->enqueue_assets(Array)
#3 C:\xampp\htdocs\Websites\ecommerce\wp-includes\class-wp-block.php(221): Automattic\WooCommerce\Blocks\BlockTypes\AbstractBlock->render_callback(Array, '', Object(WP_Block))
#4 C:\xampp\htdocs\Websites\ecommerce\wp-includes\blocks.php(864): WP_Block->render()
#5 C:\xampp\htdocs\Websites\ecommerce\wp-includes\blocks.php(902): render_block(Array)
#6 C:\xampp\htdocs\Websites\ecommerce\wp-includes\class-wp-hook.php(305): do_blocks('<!-- wp:woocomm...')
#7 C:\xampp\htdocs\Websites\ecommerce\wp-includes\plugin.php(189): WP_Hook->apply_filters('<!-- wp:woocomm...', Array)
#8 C:\xampp\htdocs\Websites\ecommerce\wp-includes\widgets\class-wp-widget-block.php(81): apply_filters('widget_block_co...', '<!-- wp:woocomm...', Array, Object(WP_Widget_Block))
#9 C:\xampp\htdocs\Websites\ecommerce\wp-includes\class-wp-widget.php(393): WP_Widget_Block->widget(Array, Array)
#10 C:\xampp\htdocs\Websites\ecommerce\wp-includes\widgets.php(831): WP_Widget->display_callback(Array, Array)
#11 C:\xampp\htdocs\Websites\ecommerce\wp-content\plugins\elementor\includes\widgets\sidebar.php(134): dynamic_sidebar('woo_sidebar')
#12 C:\xampp\htdocs\Websites\ecommerce\wp-content\plugins\elementor\includes\base\controls-stack.php(2144): Elementor\Widget_Sidebar->render()
#13 C:\xampp\htdocs\Websites\ecommerce\wp-content\plugins\elementor\includes\base\widget-base.php(581): Elementor\Controls_Stack->render_by_mode()
#14 C:\xampp\htdocs\Websites\ecommerce\wp-content\plugins\elementor\includes\base\widget-base.php(722): Elementor\Widget_Base->render_content()
#15 C:\xampp\htdocs\Websites\ecommerce\wp-content\plugins\elementor\includes\base\element-base.php(450): Elementor\Widget_Base->print_content()
#16 C:\xampp\htdocs\Websites\ecommerce\wp-content\plugins\elementor\includes\base\element-base.php(744): Elementor\Element_Base->print_element()
#17 C:\xampp\htdocs\Websites\ecommerce\wp-content\plugins\elementor\includes\base\element-base.php(450): Elementor\Element_Base->print_content()
#18 C:\xampp\htdocs\Websites\ecommerce\wp-content\plugins\elementor\includes\base\element-base.php(744): Elementor\Element_Base->print_element()
#19 C:\xampp\htdocs\Websites\ecommerce\wp-content\plugins\elementor\includes\base\element-base.php(450): Elementor\Element_Base->print_content()
#20 C:\xampp\htdocs\Websites\ecommerce\wp-content\plugins\elementor\core\base\document.php(1509): Elementor\Element_Base->print_element()
#21 C:\xampp\htdocs\Websites\ecommerce\wp-content\plugins\elementor-pro\modules\theme-builder\documents\theme-document.php(437): Elementor\Core\Base\Document->print_elements(Array)
#22 C:\xampp\htdocs\Websites\ecommerce\wp-content\plugins\elementor\includes\frontend.php(1038): ElementorPro\Modules\ThemeBuilder\Documents\Theme_Document->print_elements_with_wrapper(Array)
#23 C:\xampp\htdocs\Websites\ecommerce\wp-content\plugins\elementor\core\base\document.php(1031): Elementor\Frontend->get_builder_content(425, false)
#24 C:\xampp\htdocs\Websites\ecommerce\wp-content\plugins\elementor-pro\modules\theme-builder\documents\theme-document.php(187): Elementor\Core\Base\Document->get_content(false)
#25 C:\xampp\htdocs\Websites\ecommerce\wp-content\plugins\elementor-pro\modules\theme-builder\documents\theme-document.php(200): ElementorPro\Modules\ThemeBuilder\Documents\Theme_Document->get_content()
#26 C:\xampp\htdocs\Websites\ecommerce\wp-content\plugins\elementor-pro\modules\theme-builder\classes\locations-manager.php(305): ElementorPro\Modules\ThemeBuilder\Documents\Theme_Document->print_content()
#27 C:\xampp\htdocs\Websites\ecommerce\wp-content\plugins\elementor-pro\modules\theme-builder\classes\locations-manager.php(181): ElementorPro\Modules\ThemeBuilder\Classes\Locations_Manager->do_location('archive')
#28 [internal function]: ElementorPro\Modules\ThemeBuilder\Classes\Locations_Manager->ElementorPro\Modules\ThemeBuilder\Classes\{closure}()
#29 C:\xampp\htdocs\Websites\ecommerce\wp-content\plugins\elementor\modules\page-templates\module.php(207): call_user_func(Object(Closure))
#30 C:\xampp\htdocs\Websites\ecommerce\wp-content\plugins\elementor\modules\page-templates\templates\header-footer.php(19): Elementor\Modules\PageTemplates\Module->print_content()
#31 C:\xampp\htdocs\Websites\ecommerce\wp-includes\template-loader.php(106): include('C:\\xampp\\htdocs...')
#32 C:\xampp\htdocs\Websites\ecommerce\wp-blog-header.php(19): require_once('C:\\xampp\\htdocs...')
#33 C:\xampp\htdocs\Websites\ecommerce\index.php(17): require('C:\\xampp\\htdocs...')
#34 {main}
  thrown in C:\xampp\htdocs\Websites\ecommerce\wp-content\plugins\woocommerce\packages\woocommerce-blocks\src\RestApi.php on line 64

2021-09-04T16:58:58+00:00 CRITICAL Uncaught Error: Call to undefined method WP_Error::get_data() in C:\xampp\htdocs\Websites\ecommerce\wp-content\plugins\woocommerce\packages\woocommerce-blocks\src\RestApi.php:64
Stack trace:
#0 C:\xampp\htdocs\Websites\ecommerce\wp-content\plugins\woocommerce\packages\woocommerce-blocks\src\BlockTypes\AbstractBlock.php(349): Automattic\WooCommerce\Blocks\RestApi->get_routes_from_namespace('wc/store')
#1 C:\xampp\htdocs\Websites\ecommerce\wp-content\plugins\woocommerce\packages\woocommerce-blocks\src\BlockTypes\AbstractBlock.php(287): Automattic\WooCommerce\Blocks\BlockTypes\AbstractBlock->enqueue_data(Array)
#2 C:\xampp\htdocs\Websites\ecommerce\wp-content\plugins\woocommerce\packages\woocommerce-blocks\src\BlockTypes\AbstractBlock.php(84): Automattic\WooCommerce\Blocks\BlockTypes\AbstractBlock->enqueue_assets(Array)
#3 C:\xampp\htdocs\Websites\ecommerce\wp-includes\class-wp-block.php(221): Automattic\WooCommerce\Blocks\BlockTypes\AbstractBlock->render_callback(Array, '', Object(WP_Block))
#4 C:\xampp\htdocs\Websites\ecommerce\wp-includes\blocks.php(864): WP_Block->render()
#5 C:\xampp\htdocs\Websites\ecommerce\wp-includes\blocks.php(902): render_block(Array)
#6 C:\xampp\htdocs\Websites\ecommerce\wp-includes\class-wp-hook.php(305): do_blocks('<!-- wp:woocomm...')
#7 C:\xampp\htdocs\Websites\ecommerce\wp-includes\plugin.php(189): WP_Hook->apply_filters('<!-- wp:woocomm...', Array)
#8 C:\xampp\htdocs\Websites\ecommerce\wp-includes\widgets\class-wp-widget-block.php(81): apply_filters('widget_block_co...', '<!-- wp:woocomm...', Array, Object(WP_Widget_Block))
#9 C:\xampp\htdocs\Websites\ecommerce\wp-includes\class-wp-widget.php(393): WP_Widget_Block->widget(Array, Array)
#10 C:\xampp\htdocs\Websites\ecommerce\wp-includes\widgets.php(831): WP_Widget->display_callback(Array, Array)
#11 C:\xampp\htdocs\Websites\ecommerce\wp-content\plugins\elementor\includes\widgets\sidebar.php(134): dynamic_sidebar('woo_sidebar')
#12 C:\xampp\htdocs\Websites\ecommerce\wp-content\plugins\elementor\includes\base\controls-stack.php(2144): Elementor\Widget_Sidebar->render()
#13 C:\xampp\htdocs\Websites\ecommerce\wp-content\plugins\elementor\includes\base\widget-base.php(581): Elementor\Controls_Stack->render_by_mode()
#14 C:\xampp\htdocs\Websites\ecommerce\wp-content\plugins\elementor\includes\base\widget-base.php(722): Elementor\Widget_Base->render_content()
#15 C:\xampp\htdocs\Websites\ecommerce\wp-content\plugins\elementor\includes\base\element-base.php(450): Elementor\Widget_Base->print_content()
#16 C:\xampp\htdocs\Websites\ecommerce\wp-content\plugins\elementor\includes\base\element-base.php(744): Elementor\Element_Base->print_element()
#17 C:\xampp\htdocs\Websites\ecommerce\wp-content\plugins\elementor\includes\base\element-base.php(450): Elementor\Element_Base->print_content()
#18 C:\xampp\htdocs\Websites\ecommerce\wp-content\plugins\elementor\includes\base\element-base.php(744): Elementor\Element_Base->print_element()
#19 C:\xampp\htdocs\Websites\ecommerce\wp-content\plugins\elementor\includes\base\element-base.php(450): Elementor\Element_Base->print_content()
#20 C:\xampp\htdocs\Websites\ecommerce\wp-content\plugins\elementor\core\base\document.php(1509): Elementor\Element_Base->print_element()
#21 C:\xampp\htdocs\Websites\ecommerce\wp-content\plugins\elementor-pro\modules\theme-builder\documents\theme-document.php(437): Elementor\Core\Base\Document->print_elements(Array)
#22 C:\xampp\htdocs\Websites\ecommerce\wp-content\plugins\elementor\includes\frontend.php(1038): ElementorPro\Modules\ThemeBuilder\Documents\Theme_Document->print_elements_with_wrapper(Array)
#23 C:\xampp\htdocs\Websites\ecommerce\wp-content\plugins\elementor\core\base\document.php(1031): Elementor\Frontend->get_builder_content(425, false)
#24 C:\xampp\htdocs\Websites\ecommerce\wp-content\plugins\elementor-pro\modules\theme-builder\documents\theme-document.php(187): Elementor\Core\Base\Document->get_content(false)
#25 C:\xampp\htdocs\Websites\ecommerce\wp-content\plugins\elementor-pro\modules\theme-builder\documents\theme-document.php(200): ElementorPro\Modules\ThemeBuilder\Documents\Theme_Document->get_content()
#26 C:\xampp\htdocs\Websites\ecommerce\wp-content\plugins\elementor-pro\modules\theme-builder\classes\locations-manager.php(305): ElementorPro\Modules\ThemeBuilder\Documents\Theme_Document->print_content()
#27 C:\xampp\htdocs\Websites\ecommerce\wp-content\plugins\elementor-pro\modules\theme-builder\classes\locations-manager.php(181): ElementorPro\Modules\ThemeBuilder\Classes\Locations_Manager->do_location('archive')
#28 [internal function]: ElementorPro\Modules\ThemeBuilder\Classes\Locations_Manager->ElementorPro\Modules\ThemeBuilder\Classes\{closure}()
#29 C:\xampp\htdocs\Websites\ecommerce\wp-content\plugins\elementor\modules\page-templates\module.php(207): call_user_func(Object(Closure))
#30 C:\xampp\htdocs\Websites\ecommerce\wp-content\plugins\elementor\modules\page-templates\templates\header-footer.php(19): Elementor\Modules\PageTemplates\Module->print_content()
#31 C:\xampp\htdocs\Websites\ecommerce\wp-includes\template-loader.php(106): include('C:\\xampp\\htdocs...')
#32 C:\xampp\htdocs\Websites\ecommerce\wp-blog-header.php(19): require_once('C:\\xampp\\htdocs...')
#33 C:\xampp\htdocs\Websites\ecommerce\index.php(17): require('C:\\xampp\\htdocs...')
#34 {main}
  thrown in C:\xampp\htdocs\Websites\ecommerce\wp-content\plugins\woocommerce\packages\woocommerce-blocks\src\RestApi.php on line 64

2021-09-04T17:02:55+00:00 CRITICAL Uncaught Error: Call to undefined method WP_Error::get_data() in C:\xampp\htdocs\Websites\ecommerce\wp-content\plugins\woocommerce\packages\woocommerce-blocks\src\RestApi.php:64
Stack trace:
#0 C:\xampp\htdocs\Websites\ecommerce\wp-content\plugins\woocommerce\packages\woocommerce-blocks\src\BlockTypes\AbstractBlock.php(349): Automattic\WooCommerce\Blocks\RestApi->get_routes_from_namespace('wc/store')
#1 C:\xampp\htdocs\Websites\ecommerce\wp-content\plugins\woocommerce\packages\woocommerce-blocks\src\BlockTypes\AbstractBlock.php(287): Automattic\WooCommerce\Blocks\BlockTypes\AbstractBlock->enqueue_data(Array)
#2 C:\xampp\htdocs\Websites\ecommerce\wp-content\plugins\woocommerce\packages\woocommerce-blocks\src\BlockTypes\AbstractBlock.php(84): Automattic\WooCommerce\Blocks\BlockTypes\AbstractBlock->enqueue_assets(Array)
#3 C:\xampp\htdocs\Websites\ecommerce\wp-includes\class-wp-block.php(221): Automattic\WooCommerce\Blocks\BlockTypes\AbstractBlock->render_callback(Array, '', Object(WP_Block))
#4 C:\xampp\htdocs\Websites\ecommerce\wp-includes\blocks.php(864): WP_Block->render()
#5 C:\xampp\htdocs\Websites\ecommerce\wp-includes\blocks.php(902): render_block(Array)
#6 C:\xampp\htdocs\Websites\ecommerce\wp-includes\class-wp-hook.php(305): do_blocks('<!-- wp:woocomm...')
#7 C:\xampp\htdocs\Websites\ecommerce\wp-includes\plugin.php(189): WP_Hook->apply_filters('<!-- wp:woocomm...', Array)
#8 C:\xampp\htdocs\Websites\ecommerce\wp-includes\widgets\class-wp-widget-block.php(81): apply_filters('widget_block_co...', '<!-- wp:woocomm...', Array, Object(WP_Widget_Block))
#9 C:\xampp\htdocs\Websites\ecommerce\wp-includes\class-wp-widget.php(393): WP_Widget_Block->widget(Array, Array)
#10 C:\xampp\htdocs\Websites\ecommerce\wp-includes\widgets.php(831): WP_Widget->display_callback(Array, Array)
#11 C:\xampp\htdocs\Websites\ecommerce\wp-content\plugins\elementor\includes\widgets\sidebar.php(134): dynamic_sidebar('woo_sidebar')
#12 C:\xampp\htdocs\Websites\ecommerce\wp-content\plugins\elementor\includes\base\controls-stack.php(2144): Elementor\Widget_Sidebar->render()
#13 C:\xampp\htdocs\Websites\ecommerce\wp-content\plugins\elementor\includes\base\widget-base.php(581): Elementor\Controls_Stack->render_by_mode()
#14 C:\xampp\htdocs\Websites\ecommerce\wp-content\plugins\elementor\includes\base\widget-base.php(722): Elementor\Widget_Base->render_content()
#15 C:\xampp\htdocs\Websites\ecommerce\wp-content\plugins\elementor\includes\base\element-base.php(450): Elementor\Widget_Base->print_content()
#16 C:\xampp\htdocs\Websites\ecommerce\wp-content\plugins\elementor\includes\base\element-base.php(744): Elementor\Element_Base->print_element()
#17 C:\xampp\htdocs\Websites\ecommerce\wp-content\plugins\elementor\includes\base\element-base.php(450): Elementor\Element_Base->print_content()
#18 C:\xampp\htdocs\Websites\ecommerce\wp-content\plugins\elementor\includes\base\element-base.php(744): Elementor\Element_Base->print_element()
#19 C:\xampp\htdocs\Websites\ecommerce\wp-content\plugins\elementor\includes\base\element-base.php(450): Elementor\Element_Base->print_content()
#20 C:\xampp\htdocs\Websites\ecommerce\wp-content\plugins\elementor\core\base\document.php(1509): Elementor\Element_Base->print_element()
#21 C:\xampp\htdocs\Websites\ecommerce\wp-content\plugins\elementor-pro\modules\theme-builder\documents\theme-document.php(437): Elementor\Core\Base\Document->print_elements(Array)
#22 C:\xampp\htdocs\Websites\ecommerce\wp-content\plugins\elementor\includes\frontend.php(1038): ElementorPro\Modules\ThemeBuilder\Documents\Theme_Document->print_elements_with_wrapper(Array)
#23 C:\xampp\htdocs\Websites\ecommerce\wp-content\plugins\elementor\core\base\document.php(1031): Elementor\Frontend->get_builder_content(425, true)
#24 C:\xampp\htdocs\Websites\ecommerce\wp-content\plugins\elementor-pro\modules\theme-builder\documents\theme-document.php(187): Elementor\Core\Base\Document->get_content(false)
#25 C:\xampp\htdocs\Websites\ecommerce\wp-content\plugins\elementor-pro\modules\theme-builder\documents\theme-document.php(200): ElementorPro\Modules\ThemeBuilder\Documents\Theme_Document->get_content()
#26 C:\xampp\htdocs\Websites\ecommerce\wp-content\plugins\elementor-pro\modules\theme-builder\classes\locations-manager.php(305): ElementorPro\Modules\ThemeBuilder\Documents\Theme_Document->print_content()
#27 C:\xampp\htdocs\Websites\ecommerce\wp-content\plugins\elementor-pro\modules\theme-builder\classes\locations-manager.php(181): ElementorPro\Modules\ThemeBuilder\Classes\Locations_Manager->do_location('archive')
#28 [internal function]: ElementorPro\Modules\ThemeBuilder\Classes\Locations_Manager->ElementorPro\Modules\ThemeBuilder\Classes\{closure}()
#29 C:\xampp\htdocs\Websites\ecommerce\wp-content\plugins\elementor\modules\page-templates\module.php(207): call_user_func(Object(Closure))
#30 C:\xampp\htdocs\Websites\ecommerce\wp-content\plugins\elementor\modules\page-templates\templates\header-footer.php(19): Elementor\Modules\PageTemplates\Module->print_content()
#31 C:\xampp\htdocs\Websites\ecommerce\wp-includes\template-loader.php(106): include('C:\\xampp\\htdocs...')
#32 C:\xampp\htdocs\Websites\ecommerce\wp-blog-header.php(19): require_once('C:\\xampp\\htdocs...')
#33 C:\xampp\htdocs\Websites\ecommerce\index.php(17): require('C:\\xampp\\htdocs...')
#34 {main}
  thrown in C:\xampp\htdocs\Websites\ecommerce\wp-content\plugins\woocommerce\packages\woocommerce-blocks\src\RestApi.php on line 64

2021-09-04T17:03:08+00:00 CRITICAL Uncaught Error: Call to undefined method WP_Error::get_data() in C:\xampp\htdocs\Websites\ecommerce\wp-content\plugins\woocommerce\packages\woocommerce-blocks\src\RestApi.php:64
Stack trace:
#0 C:\xampp\htdocs\Websites\ecommerce\wp-content\plugins\woocommerce\packages\woocommerce-blocks\src\BlockTypes\AbstractBlock.php(349): Automattic\WooCommerce\Blocks\RestApi->get_routes_from_namespace('wc/store')
#1 C:\xampp\htdocs\Websites\ecommerce\wp-content\plugins\woocommerce\packages\woocommerce-blocks\src\BlockTypes\AbstractBlock.php(287): Automattic\WooCommerce\Blocks\BlockTypes\AbstractBlock->enqueue_data(Array)
#2 C:\xampp\htdocs\Websites\ecommerce\wp-content\plugins\woocommerce\packages\woocommerce-blocks\src\BlockTypes\AbstractBlock.php(84): Automattic\WooCommerce\Blocks\BlockTypes\AbstractBlock->enqueue_assets(Array)
#3 C:\xampp\htdocs\Websites\ecommerce\wp-includes\class-wp-block.php(221): Automattic\WooCommerce\Blocks\BlockTypes\AbstractBlock->render_callback(Array, '', Object(WP_Block))
#4 C:\xampp\htdocs\Websites\ecommerce\wp-includes\blocks.php(864): WP_Block->render()
#5 C:\xampp\htdocs\Websites\ecommerce\wp-includes\blocks.php(902): render_block(Array)
#6 C:\xampp\htdocs\Websites\ecommerce\wp-includes\class-wp-hook.php(305): do_blocks('<!-- wp:woocomm...')
#7 C:\xampp\htdocs\Websites\ecommerce\wp-includes\plugin.php(189): WP_Hook->apply_filters('<!-- wp:woocomm...', Array)
#8 C:\xampp\htdocs\Websites\ecommerce\wp-includes\widgets\class-wp-widget-block.php(81): apply_filters('widget_block_co...', '<!-- wp:woocomm...', Array, Object(WP_Widget_Block))
#9 C:\xampp\htdocs\Websites\ecommerce\wp-includes\class-wp-widget.php(393): WP_Widget_Block->widget(Array, Array)
#10 C:\xampp\htdocs\Websites\ecommerce\wp-includes\widgets.php(831): WP_Widget->display_callback(Array, Array)
#11 C:\xampp\htdocs\Websites\ecommerce\wp-content\plugins\elementor\includes\widgets\sidebar.php(134): dynamic_sidebar('woo_sidebar')
#12 C:\xampp\htdocs\Websites\ecommerce\wp-content\plugins\elementor\includes\base\controls-stack.php(2144): Elementor\Widget_Sidebar->render()
#13 C:\xampp\htdocs\Websites\ecommerce\wp-content\plugins\elementor\includes\base\widget-base.php(581): Elementor\Controls_Stack->render_by_mode()
#14 C:\xampp\htdocs\Websites\ecommerce\wp-content\plugins\elementor\includes\base\widget-base.php(722): Elementor\Widget_Base->render_content()
#15 C:\xampp\htdocs\Websites\ecommerce\wp-content\plugins\elementor\includes\base\element-base.php(450): Elementor\Widget_Base->print_content()
#16 C:\xampp\htdocs\Websites\ecommerce\wp-content\plugins\elementor\includes\base\element-base.php(744): Elementor\Element_Base->print_element()
#17 C:\xampp\htdocs\Websites\ecommerce\wp-content\plugins\elementor\includes\base\element-base.php(450): Elementor\Element_Base->print_content()
#18 C:\xampp\htdocs\Websites\ecommerce\wp-content\plugins\elementor\includes\base\element-base.php(744): Elementor\Element_Base->print_element()
#19 C:\xampp\htdocs\Websites\ecommerce\wp-content\plugins\elementor\includes\base\element-base.php(450): Elementor\Element_Base->print_content()
#20 C:\xampp\htdocs\Websites\ecommerce\wp-content\plugins\elementor\core\base\document.php(1509): Elementor\Element_Base->print_element()
#21 C:\xampp\htdocs\Websites\ecommerce\wp-content\plugins\elementor-pro\modules\theme-builder\documents\theme-document.php(437): Elementor\Core\Base\Document->print_elements(Array)
#22 C:\xampp\htdocs\Websites\ecommerce\wp-content\plugins\elementor\includes\frontend.php(1038): ElementorPro\Modules\ThemeBuilder\Documents\Theme_Document->print_elements_with_wrapper(Array)
#23 C:\xampp\htdocs\Websites\ecommerce\wp-content\plugins\elementor\core\base\document.php(1031): Elementor\Frontend->get_builder_content(425, true)
#24 C:\xampp\htdocs\Websites\ecommerce\wp-content\plugins\elementor-pro\modules\theme-builder\documents\theme-document.php(187): Elementor\Core\Base\Document->get_content(false)
#25 C:\xampp\htdocs\Websites\ecommerce\wp-content\plugins\elementor-pro\modules\theme-builder\documents\theme-document.php(200): ElementorPro\Modules\ThemeBuilder\Documents\Theme_Document->get_content()
#26 C:\xampp\htdocs\Websites\ecommerce\wp-content\plugins\elementor-pro\modules\theme-builder\classes\locations-manager.php(305): ElementorPro\Modules\ThemeBuilder\Documents\Theme_Document->print_content()
#27 C:\xampp\htdocs\Websites\ecommerce\wp-content\plugins\elementor-pro\modules\theme-builder\classes\locations-manager.php(181): ElementorPro\Modules\ThemeBuilder\Classes\Locations_Manager->do_location('archive')
#28 [internal function]: ElementorPro\Modules\ThemeBuilder\Classes\Locations_Manager->ElementorPro\Modules\ThemeBuilder\Classes\{closure}()
#29 C:\xampp\htdocs\Websites\ecommerce\wp-content\plugins\elementor\modules\page-templates\module.php(207): call_user_func(Object(Closure))
#30 C:\xampp\htdocs\Websites\ecommerce\wp-content\plugins\elementor\modules\page-templates\templates\header-footer.php(19): Elementor\Modules\PageTemplates\Module->print_content()
#31 C:\xampp\htdocs\Websites\ecommerce\wp-includes\template-loader.php(106): include('C:\\xampp\\htdocs...')
#32 C:\xampp\htdocs\Websites\ecommerce\wp-blog-header.php(19): require_once('C:\\xampp\\htdocs...')
#33 C:\xampp\htdocs\Websites\ecommerce\index.php(17): require('C:\\xampp\\htdocs...')
#34 {main}
  thrown in C:\xampp\htdocs\Websites\ecommerce\wp-content\plugins\woocommerce\packages\woocommerce-blocks\src\RestApi.php on line 64

2021-09-04T17:08:02+00:00 CRITICAL Uncaught Error: Call to undefined method WP_Error::get_data() in C:\xampp\htdocs\Websites\ecommerce\wp-content\plugins\woocommerce\packages\woocommerce-blocks\src\RestApi.php:64
Stack trace:
#0 C:\xampp\htdocs\Websites\ecommerce\wp-content\plugins\woocommerce\packages\woocommerce-blocks\src\BlockTypes\AbstractBlock.php(349): Automattic\WooCommerce\Blocks\RestApi->get_routes_from_namespace('wc/store')
#1 C:\xampp\htdocs\Websites\ecommerce\wp-content\plugins\woocommerce\packages\woocommerce-blocks\src\BlockTypes\AbstractBlock.php(287): Automattic\WooCommerce\Blocks\BlockTypes\AbstractBlock->enqueue_data(Array)
#2 C:\xampp\htdocs\Websites\ecommerce\wp-content\plugins\woocommerce\packages\woocommerce-blocks\src\BlockTypes\AbstractBlock.php(84): Automattic\WooCommerce\Blocks\BlockTypes\AbstractBlock->enqueue_assets(Array)
#3 C:\xampp\htdocs\Websites\ecommerce\wp-includes\class-wp-block.php(221): Automattic\WooCommerce\Blocks\BlockTypes\AbstractBlock->render_callback(Array, '', Object(WP_Block))
#4 C:\xampp\htdocs\Websites\ecommerce\wp-includes\blocks.php(864): WP_Block->render()
#5 C:\xampp\htdocs\Websites\ecommerce\wp-includes\blocks.php(902): render_block(Array)
#6 C:\xampp\htdocs\Websites\ecommerce\wp-includes\class-wp-hook.php(305): do_blocks('<!-- wp:woocomm...')
#7 C:\xampp\htdocs\Websites\ecommerce\wp-includes\plugin.php(189): WP_Hook->apply_filters('<!-- wp:woocomm...', Array)
#8 C:\xampp\htdocs\Websites\ecommerce\wp-includes\widgets\class-wp-widget-block.php(81): apply_filters('widget_block_co...', '<!-- wp:woocomm...', Array, Object(WP_Widget_Block))
#9 C:\xampp\htdocs\Websites\ecommerce\wp-includes\class-wp-widget.php(393): WP_Widget_Block->widget(Array, Array)
#10 C:\xampp\htdocs\Websites\ecommerce\wp-includes\widgets.php(831): WP_Widget->display_callback(Array, Array)
#11 C:\xampp\htdocs\Websites\ecommerce\wp-content\plugins\elementor\includes\widgets\sidebar.php(134): dynamic_sidebar('woo_sidebar')
#12 C:\xampp\htdocs\Websites\ecommerce\wp-content\plugins\elementor\includes\base\controls-stack.php(2144): Elementor\Widget_Sidebar->render()
#13 C:\xampp\htdocs\Websites\ecommerce\wp-content\plugins\elementor\includes\base\widget-base.php(581): Elementor\Controls_Stack->render_by_mode()
#14 C:\xampp\htdocs\Websites\ecommerce\wp-content\plugins\elementor\includes\base\widget-base.php(722): Elementor\Widget_Base->render_content()
#15 C:\xampp\htdocs\Websites\ecommerce\wp-content\plugins\elementor\includes\base\element-base.php(450): Elementor\Widget_Base->print_content()
#16 C:\xampp\htdocs\Websites\ecommerce\wp-content\plugins\elementor\includes\base\element-base.php(744): Elementor\Element_Base->print_element()
#17 C:\xampp\htdocs\Websites\ecommerce\wp-content\plugins\elementor\includes\base\element-base.php(450): Elementor\Element_Base->print_content()
#18 C:\xampp\htdocs\Websites\ecommerce\wp-content\plugins\elementor\includes\base\element-base.php(744): Elementor\Element_Base->print_element()
#19 C:\xampp\htdocs\Websites\ecommerce\wp-content\plugins\elementor\includes\base\element-base.php(450): Elementor\Element_Base->print_content()
#20 C:\xampp\htdocs\Websites\ecommerce\wp-content\plugins\elementor\core\base\document.php(1509): Elementor\Element_Base->print_element()
#21 C:\xampp\htdocs\Websites\ecommerce\wp-content\plugins\elementor-pro\modules\theme-builder\documents\theme-document.php(437): Elementor\Core\Base\Document->print_elements(Array)
#22 C:\xampp\htdocs\Websites\ecommerce\wp-content\plugins\elementor\includes\frontend.php(1038): ElementorPro\Modules\ThemeBuilder\Documents\Theme_Document->print_elements_with_wrapper(Array)
#23 C:\xampp\htdocs\Websites\ecommerce\wp-content\plugins\elementor\core\base\document.php(1031): Elementor\Frontend->get_builder_content(425, false)
#24 C:\xampp\htdocs\Websites\ecommerce\wp-content\plugins\elementor-pro\modules\theme-builder\documents\theme-document.php(187): Elementor\Core\Base\Document->get_content(false)
#25 C:\xampp\htdocs\Websites\ecommerce\wp-content\plugins\elementor-pro\modules\theme-builder\documents\theme-document.php(200): ElementorPro\Modules\ThemeBuilder\Documents\Theme_Document->get_content()
#26 C:\xampp\htdocs\Websites\ecommerce\wp-content\plugins\elementor-pro\modules\theme-builder\classes\locations-manager.php(305): ElementorPro\Modules\ThemeBuilder\Documents\Theme_Document->print_content()
#27 C:\xampp\htdocs\Websites\ecommerce\wp-content\plugins\elementor-pro\modules\theme-builder\classes\locations-manager.php(181): ElementorPro\Modules\ThemeBuilder\Classes\Locations_Manager->do_location('archive')
#28 [internal function]: ElementorPro\Modules\ThemeBuilder\Classes\Locations_Manager->ElementorPro\Modules\ThemeBuilder\Classes\{closure}()
#29 C:\xampp\htdocs\Websites\ecommerce\wp-content\plugins\elementor\modules\page-templates\module.php(207): call_user_func(Object(Closure))
#30 C:\xampp\htdocs\Websites\ecommerce\wp-content\plugins\elementor\modules\page-templates\templates\header-footer.php(19): Elementor\Modules\PageTemplates\Module->print_content()
#31 C:\xampp\htdocs\Websites\ecommerce\wp-includes\template-loader.php(106): include('C:\\xampp\\htdocs...')
#32 C:\xampp\htdocs\Websites\ecommerce\wp-blog-header.php(19): require_once('C:\\xampp\\htdocs...')
#33 C:\xampp\htdocs\Websites\ecommerce\index.php(17): require('C:\\xampp\\htdocs...')
#34 {main}
  thrown in C:\xampp\htdocs\Websites\ecommerce\wp-content\plugins\woocommerce\packages\woocommerce-blocks\src\RestApi.php on line 64

2021-09-04T17:24:16+00:00 CRITICAL Uncaught Error: Call to undefined method WP_Error::get_data() in C:\xampp\htdocs\Websites\ecommerce\wp-content\plugins\woocommerce\packages\woocommerce-blocks\src\RestApi.php:64
Stack trace:
#0 C:\xampp\htdocs\Websites\ecommerce\wp-content\plugins\woocommerce\packages\woocommerce-blocks\src\BlockTypes\AbstractBlock.php(349): Automattic\WooCommerce\Blocks\RestApi->get_routes_from_namespace('wc/store')
#1 C:\xampp\htdocs\Websites\ecommerce\wp-content\plugins\woocommerce\packages\woocommerce-blocks\src\BlockTypes\AbstractBlock.php(287): Automattic\WooCommerce\Blocks\BlockTypes\AbstractBlock->enqueue_data(Array)
#2 C:\xampp\htdocs\Websites\ecommerce\wp-content\plugins\woocommerce\packages\woocommerce-blocks\src\BlockTypes\AbstractBlock.php(84): Automattic\WooCommerce\Blocks\BlockTypes\AbstractBlock->enqueue_assets(Array)
#3 C:\xampp\htdocs\Websites\ecommerce\wp-includes\class-wp-block.php(221): Automattic\WooCommerce\Blocks\BlockTypes\AbstractBlock->render_callback(Array, '', Object(WP_Block))
#4 C:\xampp\htdocs\Websites\ecommerce\wp-includes\blocks.php(864): WP_Block->render()
#5 C:\xampp\htdocs\Websites\ecommerce\wp-includes\blocks.php(902): render_block(Array)
#6 C:\xampp\htdocs\Websites\ecommerce\wp-includes\class-wp-hook.php(305): do_blocks('<!-- wp:woocomm...')
#7 C:\xampp\htdocs\Websites\ecommerce\wp-includes\plugin.php(189): WP_Hook->apply_filters('<!-- wp:woocomm...', Array)
#8 C:\xampp\htdocs\Websites\ecommerce\wp-includes\widgets\class-wp-widget-block.php(81): apply_filters('widget_block_co...', '<!-- wp:woocomm...', Array, Object(WP_Widget_Block))
#9 C:\xampp\htdocs\Websites\ecommerce\wp-includes\class-wp-widget.php(393): WP_Widget_Block->widget(Array, Array)
#10 C:\xampp\htdocs\Websites\ecommerce\wp-includes\widgets.php(831): WP_Widget->display_callback(Array, Array)
#11 C:\xampp\htdocs\Websites\ecommerce\wp-content\plugins\elementor\includes\widgets\sidebar.php(134): dynamic_sidebar('woo_sidebar')
#12 C:\xampp\htdocs\Websites\ecommerce\wp-content\plugins\elementor\includes\base\controls-stack.php(2144): Elementor\Widget_Sidebar->render()
#13 C:\xampp\htdocs\Websites\ecommerce\wp-content\plugins\elementor\includes\base\widget-base.php(581): Elementor\Controls_Stack->render_by_mode()
#14 C:\xampp\htdocs\Websites\ecommerce\wp-content\plugins\elementor\includes\base\widget-base.php(722): Elementor\Widget_Base->render_content()
#15 C:\xampp\htdocs\Websites\ecommerce\wp-content\plugins\elementor\includes\base\element-base.php(450): Elementor\Widget_Base->print_content()
#16 C:\xampp\htdocs\Websites\ecommerce\wp-content\plugins\elementor\includes\base\element-base.php(744): Elementor\Element_Base->print_element()
#17 C:\xampp\htdocs\Websites\ecommerce\wp-content\plugins\elementor\includes\base\element-base.php(450): Elementor\Element_Base->print_content()
#18 C:\xampp\htdocs\Websites\ecommerce\wp-content\plugins\elementor\includes\base\element-base.php(744): Elementor\Element_Base->print_element()
#19 C:\xampp\htdocs\Websites\ecommerce\wp-content\plugins\elementor\includes\base\element-base.php(450): Elementor\Element_Base->print_content()
#20 C:\xampp\htdocs\Websites\ecommerce\wp-content\plugins\elementor\core\base\document.php(1509): Elementor\Element_Base->print_element()
#21 C:\xampp\htdocs\Websites\ecommerce\wp-content\plugins\elementor-pro\modules\theme-builder\documents\theme-document.php(437): Elementor\Core\Base\Document->print_elements(Array)
#22 C:\xampp\htdocs\Websites\ecommerce\wp-content\plugins\elementor\includes\frontend.php(1038): ElementorPro\Modules\ThemeBuilder\Documents\Theme_Document->print_elements_with_wrapper(Array)
#23 C:\xampp\htdocs\Websites\ecommerce\wp-content\plugins\elementor\core\base\document.php(1031): Elementor\Frontend->get_builder_content(439, false)
#24 C:\xampp\htdocs\Websites\ecommerce\wp-content\plugins\elementor-pro\modules\theme-builder\documents\theme-document.php(187): Elementor\Core\Base\Document->get_content(false)
#25 C:\xampp\htdocs\Websites\ecommerce\wp-content\plugins\elementor-pro\modules\theme-builder\documents\theme-document.php(200): ElementorPro\Modules\ThemeBuilder\Documents\Theme_Document->get_content()
#26 C:\xampp\htdocs\Websites\ecommerce\wp-content\plugins\elementor-pro\modules\theme-builder\classes\locations-manager.php(305): ElementorPro\Modules\ThemeBuilder\Documents\Theme_Document->print_content()
#27 C:\xampp\htdocs\Websites\ecommerce\wp-content\plugins\elementor-pro\modules\theme-builder\classes\locations-manager.php(181): ElementorPro\Modules\ThemeBuilder\Classes\Locations_Manager->do_location('archive')
#28 [internal function]: ElementorPro\Modules\ThemeBuilder\Classes\Locations_Manager->ElementorPro\Modules\ThemeBuilder\Classes\{closure}()
#29 C:\xampp\htdocs\Websites\ecommerce\wp-content\plugins\elementor\modules\page-templates\module.php(207): call_user_func(Object(Closure))
#30 C:\xampp\htdocs\Websites\ecommerce\wp-content\plugins\elementor\modules\page-templates\templates\header-footer.php(19): Elementor\Modules\PageTemplates\Module->print_content()
#31 C:\xampp\htdocs\Websites\ecommerce\wp-includes\template-loader.php(106): include('C:\\xampp\\htdocs...')
#32 C:\xampp\htdocs\Websites\ecommerce\wp-blog-header.php(19): require_once('C:\\xampp\\htdocs...')
#33 C:\xampp\htdocs\Websites\ecommerce\index.php(17): require('C:\\xampp\\htdocs...')
#34 {main}
  thrown in C:\xampp\htdocs\Websites\ecommerce\wp-content\plugins\woocommerce\packages\woocommerce-blocks\src\RestApi.php on line 64

2021-09-04T17:33:54+00:00 CRITICAL Uncaught Error: Call to undefined method WP_Error::get_data() in C:\xampp\htdocs\Websites\ecommerce\wp-content\plugins\woocommerce\packages\woocommerce-blocks\src\RestApi.php:64
Stack trace:
#0 C:\xampp\htdocs\Websites\ecommerce\wp-content\plugins\woocommerce\packages\woocommerce-blocks\src\BlockTypes\AbstractBlock.php(349): Automattic\WooCommerce\Blocks\RestApi->get_routes_from_namespace('wc/store')
#1 C:\xampp\htdocs\Websites\ecommerce\wp-content\plugins\woocommerce\packages\woocommerce-blocks\src\BlockTypes\AbstractBlock.php(287): Automattic\WooCommerce\Blocks\BlockTypes\AbstractBlock->enqueue_data(Array)
#2 C:\xampp\htdocs\Websites\ecommerce\wp-content\plugins\woocommerce\packages\woocommerce-blocks\src\BlockTypes\AbstractBlock.php(84): Automattic\WooCommerce\Blocks\BlockTypes\AbstractBlock->enqueue_assets(Array)
#3 C:\xampp\htdocs\Websites\ecommerce\wp-includes\class-wp-block.php(221): Automattic\WooCommerce\Blocks\BlockTypes\AbstractBlock->render_callback(Array, '', Object(WP_Block))
#4 C:\xampp\htdocs\Websites\ecommerce\wp-includes\blocks.php(864): WP_Block->render()
#5 C:\xampp\htdocs\Websites\ecommerce\wp-includes\blocks.php(902): render_block(Array)
#6 C:\xampp\htdocs\Websites\ecommerce\wp-includes\class-wp-hook.php(305): do_blocks('<!-- wp:woocomm...')
#7 C:\xampp\htdocs\Websites\ecommerce\wp-includes\plugin.php(189): WP_Hook->apply_filters('<!-- wp:woocomm...', Array)
#8 C:\xampp\htdocs\Websites\ecommerce\wp-includes\widgets\class-wp-widget-block.php(81): apply_filters('widget_block_co...', '<!-- wp:woocomm...', Array, Object(WP_Widget_Block))
#9 C:\xampp\htdocs\Websites\ecommerce\wp-includes\class-wp-widget.php(393): WP_Widget_Block->widget(Array, Array)
#10 C:\xampp\htdocs\Websites\ecommerce\wp-includes\widgets.php(831): WP_Widget->display_callback(Array, Array)
#11 C:\xampp\htdocs\Websites\ecommerce\wp-content\plugins\elementor\includes\widgets\sidebar.php(134): dynamic_sidebar('woo_sidebar')
#12 C:\xampp\htdocs\Websites\ecommerce\wp-content\plugins\elementor\includes\base\controls-stack.php(2144): Elementor\Widget_Sidebar->render()
#13 C:\xampp\htdocs\Websites\ecommerce\wp-content\plugins\elementor\includes\base\widget-base.php(581): Elementor\Controls_Stack->render_by_mode()
#14 C:\xampp\htdocs\Websites\ecommerce\wp-content\plugins\elementor\includes\base\widget-base.php(722): Elementor\Widget_Base->render_content()
#15 C:\xampp\htdocs\Websites\ecommerce\wp-content\plugins\elementor\includes\base\element-base.php(450): Elementor\Widget_Base->print_content()
#16 C:\xampp\htdocs\Websites\ecommerce\wp-content\plugins\elementor\includes\base\element-base.php(744): Elementor\Element_Base->print_element()
#17 C:\xampp\htdocs\Websites\ecommerce\wp-content\plugins\elementor\includes\base\element-base.php(450): Elementor\Element_Base->print_content()
#18 C:\xampp\htdocs\Websites\ecommerce\wp-content\plugins\elementor\includes\base\element-base.php(744): Elementor\Element_Base->print_element()
#19 C:\xampp\htdocs\Websites\ecommerce\wp-content\plugins\elementor\includes\base\element-base.php(450): Elementor\Element_Base->print_content()
#20 C:\xampp\htdocs\Websites\ecommerce\wp-content\plugins\elementor\core\base\document.php(1509): Elementor\Element_Base->print_element()
#21 C:\xampp\htdocs\Websites\ecommerce\wp-content\plugins\elementor-pro\modules\theme-builder\documents\theme-document.php(437): Elementor\Core\Base\Document->print_elements(Array)
#22 C:\xampp\htdocs\Websites\ecommerce\wp-content\plugins\elementor\includes\frontend.php(1038): ElementorPro\Modules\ThemeBuilder\Documents\Theme_Document->print_elements_with_wrapper(Array)
#23 C:\xampp\htdocs\Websites\ecommerce\wp-content\plugins\elementor\core\base\document.php(1031): Elementor\Frontend->get_builder_content(439, true)
#24 C:\xampp\htdocs\Websites\ecommerce\wp-content\plugins\elementor-pro\modules\theme-builder\documents\theme-document.php(187): Elementor\Core\Base\Document->get_content(false)
#25 C:\xampp\htdocs\Websites\ecommerce\wp-content\plugins\elementor-pro\modules\theme-builder\documents\theme-document.php(200): ElementorPro\Modules\ThemeBuilder\Documents\Theme_Document->get_content()
#26 C:\xampp\htdocs\Websites\ecommerce\wp-content\plugins\elementor-pro\modules\theme-builder\classes\locations-manager.php(305): ElementorPro\Modules\ThemeBuilder\Documents\Theme_Document->print_content()
#27 C:\xampp\htdocs\Websites\ecommerce\wp-content\plugins\elementor-pro\modules\theme-builder\classes\locations-manager.php(181): ElementorPro\Modules\ThemeBuilder\Classes\Locations_Manager->do_location('archive')
#28 [internal function]: ElementorPro\Modules\ThemeBuilder\Classes\Locations_Manager->ElementorPro\Modules\ThemeBuilder\Classes\{closure}()
#29 C:\xampp\htdocs\Websites\ecommerce\wp-content\plugins\elementor\modules\page-templates\module.php(207): call_user_func(Object(Closure))
#30 C:\xampp\htdocs\Websites\ecommerce\wp-content\plugins\elementor\modules\page-templates\templates\header-footer.php(19): Elementor\Modules\PageTemplates\Module->print_content()
#31 C:\xampp\htdocs\Websites\ecommerce\wp-includes\template-loader.php(106): include('C:\\xampp\\htdocs...')
#32 C:\xampp\htdocs\Websites\ecommerce\wp-blog-header.php(19): require_once('C:\\xampp\\htdocs...')
#33 C:\xampp\htdocs\Websites\ecommerce\index.php(17): require('C:\\xampp\\htdocs...')
#34 {main}
  thrown in C:\xampp\htdocs\Websites\ecommerce\wp-content\plugins\woocommerce\packages\woocommerce-blocks\src\RestApi.php on line 64

2021-09-04T17:35:05+00:00 CRITICAL Uncaught Error: Call to undefined method WP_Error::get_data() in C:\xampp\htdocs\Websites\ecommerce\wp-content\plugins\woocommerce\packages\woocommerce-blocks\src\RestApi.php:64
Stack trace:
#0 C:\xampp\htdocs\Websites\ecommerce\wp-content\plugins\woocommerce\packages\woocommerce-blocks\src\BlockTypes\AbstractBlock.php(349): Automattic\WooCommerce\Blocks\RestApi->get_routes_from_namespace('wc/store')
#1 C:\xampp\htdocs\Websites\ecommerce\wp-content\plugins\woocommerce\packages\woocommerce-blocks\src\BlockTypes\AbstractBlock.php(287): Automattic\WooCommerce\Blocks\BlockTypes\AbstractBlock->enqueue_data(Array)
#2 C:\xampp\htdocs\Websites\ecommerce\wp-content\plugins\woocommerce\packages\woocommerce-blocks\src\BlockTypes\AbstractBlock.php(84): Automattic\WooCommerce\Blocks\BlockTypes\AbstractBlock->enqueue_assets(Array)
#3 C:\xampp\htdocs\Websites\ecommerce\wp-includes\class-wp-block.php(221): Automattic\WooCommerce\Blocks\BlockTypes\AbstractBlock->render_callback(Array, '', Object(WP_Block))
#4 C:\xampp\htdocs\Websites\ecommerce\wp-includes\blocks.php(864): WP_Block->render()
#5 C:\xampp\htdocs\Websites\ecommerce\wp-includes\blocks.php(902): render_block(Array)
#6 C:\xampp\htdocs\Websites\ecommerce\wp-includes\class-wp-hook.php(305): do_blocks('<!-- wp:woocomm...')
#7 C:\xampp\htdocs\Websites\ecommerce\wp-includes\plugin.php(189): WP_Hook->apply_filters('<!-- wp:woocomm...', Array)
#8 C:\xampp\htdocs\Websites\ecommerce\wp-includes\widgets\class-wp-widget-block.php(81): apply_filters('widget_block_co...', '<!-- wp:woocomm...', Array, Object(WP_Widget_Block))
#9 C:\xampp\htdocs\Websites\ecommerce\wp-includes\class-wp-widget.php(393): WP_Widget_Block->widget(Array, Array)
#10 C:\xampp\htdocs\Websites\ecommerce\wp-includes\widgets.php(831): WP_Widget->display_callback(Array, Array)
#11 C:\xampp\htdocs\Websites\ecommerce\wp-content\plugins\elementor\includes\widgets\sidebar.php(134): dynamic_sidebar('woo_sidebar')
#12 C:\xampp\htdocs\Websites\ecommerce\wp-content\plugins\elementor\includes\base\controls-stack.php(2144): Elementor\Widget_Sidebar->render()
#13 C:\xampp\htdocs\Websites\ecommerce\wp-content\plugins\elementor\includes\base\widget-base.php(581): Elementor\Controls_Stack->render_by_mode()
#14 C:\xampp\htdocs\Websites\ecommerce\wp-content\plugins\elementor\includes\base\widget-base.php(722): Elementor\Widget_Base->render_content()
#15 C:\xampp\htdocs\Websites\ecommerce\wp-content\plugins\elementor\includes\base\element-base.php(450): Elementor\Widget_Base->print_content()
#16 C:\xampp\htdocs\Websites\ecommerce\wp-content\plugins\elementor\includes\base\element-base.php(744): Elementor\Element_Base->print_element()
#17 C:\xampp\htdocs\Websites\ecommerce\wp-content\plugins\elementor\includes\base\element-base.php(450): Elementor\Element_Base->print_content()
#18 C:\xampp\htdocs\Websites\ecommerce\wp-content\plugins\elementor\includes\base\element-base.php(744): Elementor\Element_Base->print_element()
#19 C:\xampp\htdocs\Websites\ecommerce\wp-content\plugins\elementor\includes\base\element-base.php(450): Elementor\Element_Base->print_content()
#20 C:\xampp\htdocs\Websites\ecommerce\wp-content\plugins\elementor\core\base\document.php(1509): Elementor\Element_Base->print_element()
#21 C:\xampp\htdocs\Websites\ecommerce\wp-content\plugins\elementor-pro\modules\theme-builder\documents\theme-document.php(437): Elementor\Core\Base\Document->print_elements(Array)
#22 C:\xampp\htdocs\Websites\ecommerce\wp-content\plugins\elementor\includes\frontend.php(1038): ElementorPro\Modules\ThemeBuilder\Documents\Theme_Document->print_elements_with_wrapper(Array)
#23 C:\xampp\htdocs\Websites\ecommerce\wp-content\plugins\elementor\core\base\document.php(1031): Elementor\Frontend->get_builder_content(439, true)
#24 C:\xampp\htdocs\Websites\ecommerce\wp-content\plugins\elementor-pro\modules\theme-builder\documents\theme-document.php(187): Elementor\Core\Base\Document->get_content(false)
#25 C:\xampp\htdocs\Websites\ecommerce\wp-content\plugins\elementor-pro\modules\theme-builder\documents\theme-document.php(200): ElementorPro\Modules\ThemeBuilder\Documents\Theme_Document->get_content()
#26 C:\xampp\htdocs\Websites\ecommerce\wp-content\plugins\elementor-pro\modules\theme-builder\classes\locations-manager.php(305): ElementorPro\Modules\ThemeBuilder\Documents\Theme_Document->print_content()
#27 C:\xampp\htdocs\Websites\ecommerce\wp-content\plugins\elementor-pro\modules\theme-builder\classes\locations-manager.php(181): ElementorPro\Modules\ThemeBuilder\Classes\Locations_Manager->do_location('archive')
#28 [internal function]: ElementorPro\Modules\ThemeBuilder\Classes\Locations_Manager->ElementorPro\Modules\ThemeBuilder\Classes\{closure}()
#29 C:\xampp\htdocs\Websites\ecommerce\wp-content\plugins\elementor\modules\page-templates\module.php(207): call_user_func(Object(Closure))
#30 C:\xampp\htdocs\Websites\ecommerce\wp-content\plugins\elementor\modules\page-templates\templates\header-footer.php(19): Elementor\Modules\PageTemplates\Module->print_content()
#31 C:\xampp\htdocs\Websites\ecommerce\wp-includes\template-loader.php(106): include('C:\\xampp\\htdocs...')
#32 C:\xampp\htdocs\Websites\ecommerce\wp-blog-header.php(19): require_once('C:\\xampp\\htdocs...')
#33 C:\xampp\htdocs\Websites\ecommerce\index.php(17): require('C:\\xampp\\htdocs...')
#34 {main}
  thrown in C:\xampp\htdocs\Websites\ecommerce\wp-content\plugins\woocommerce\packages\woocommerce-blocks\src\RestApi.php on line 64

2021-09-04T17:53:14+00:00 CRITICAL Uncaught Error: Call to undefined method WP_Error::get_data() in C:\xampp\htdocs\Websites\ecommerce\wp-content\plugins\woocommerce\packages\woocommerce-blocks\src\RestApi.php:64
Stack trace:
#0 C:\xampp\htdocs\Websites\ecommerce\wp-content\plugins\woocommerce\packages\woocommerce-blocks\src\BlockTypes\AbstractBlock.php(349): Automattic\WooCommerce\Blocks\RestApi->get_routes_from_namespace('wc/store')
#1 C:\xampp\htdocs\Websites\ecommerce\wp-content\plugins\woocommerce\packages\woocommerce-blocks\src\BlockTypes\AbstractBlock.php(287): Automattic\WooCommerce\Blocks\BlockTypes\AbstractBlock->enqueue_data(Array)
#2 C:\xampp\htdocs\Websites\ecommerce\wp-content\plugins\woocommerce\packages\woocommerce-blocks\src\BlockTypes\AbstractBlock.php(84): Automattic\WooCommerce\Blocks\BlockTypes\AbstractBlock->enqueue_assets(Array)
#3 C:\xampp\htdocs\Websites\ecommerce\wp-includes\class-wp-block.php(221): Automattic\WooCommerce\Blocks\BlockTypes\AbstractBlock->render_callback(Array, '', Object(WP_Block))
#4 C:\xampp\htdocs\Websites\ecommerce\wp-includes\blocks.php(864): WP_Block->render()
#5 C:\xampp\htdocs\Websites\ecommerce\wp-includes\blocks.php(902): render_block(Array)
#6 C:\xampp\htdocs\Websites\ecommerce\wp-includes\class-wp-hook.php(305): do_blocks('<!-- wp:woocomm...')
#7 C:\xampp\htdocs\Websites\ecommerce\wp-includes\plugin.php(189): WP_Hook->apply_filters('<!-- wp:woocomm...', Array)
#8 C:\xampp\htdocs\Websites\ecommerce\wp-includes\widgets\class-wp-widget-block.php(81): apply_filters('widget_block_co...', '<!-- wp:woocomm...', Array, Object(WP_Widget_Block))
#9 C:\xampp\htdocs\Websites\ecommerce\wp-includes\class-wp-widget.php(393): WP_Widget_Block->widget(Array, Array)
#10 C:\xampp\htdocs\Websites\ecommerce\wp-includes\widgets.php(831): WP_Widget->display_callback(Array, Array)
#11 C:\xampp\htdocs\Websites\ecommerce\wp-content\plugins\elementor\includes\widgets\sidebar.php(134): dynamic_sidebar('woo_sidebar')
#12 C:\xampp\htdocs\Websites\ecommerce\wp-content\plugins\elementor\includes\base\controls-stack.php(2144): Elementor\Widget_Sidebar->render()
#13 C:\xampp\htdocs\Websites\ecommerce\wp-content\plugins\elementor\includes\base\widget-base.php(581): Elementor\Controls_Stack->render_by_mode()
#14 C:\xampp\htdocs\Websites\ecommerce\wp-content\plugins\elementor\includes\base\widget-base.php(722): Elementor\Widget_Base->render_content()
#15 C:\xampp\htdocs\Websites\ecommerce\wp-content\plugins\elementor\includes\base\element-base.php(450): Elementor\Widget_Base->print_content()
#16 C:\xampp\htdocs\Websites\ecommerce\wp-content\plugins\elementor\includes\base\element-base.php(744): Elementor\Element_Base->print_element()
#17 C:\xampp\htdocs\Websites\ecommerce\wp-content\plugins\elementor\includes\base\element-base.php(450): Elementor\Element_Base->print_content()
#18 C:\xampp\htdocs\Websites\ecommerce\wp-content\plugins\elementor\includes\base\element-base.php(744): Elementor\Element_Base->print_element()
#19 C:\xampp\htdocs\Websites\ecommerce\wp-content\plugins\elementor\includes\base\element-base.php(450): Elementor\Element_Base->print_content()
#20 C:\xampp\htdocs\Websites\ecommerce\wp-content\plugins\elementor\core\base\document.php(1509): Elementor\Element_Base->print_element()
#21 C:\xampp\htdocs\Websites\ecommerce\wp-content\plugins\elementor-pro\modules\theme-builder\documents\theme-document.php(437): Elementor\Core\Base\Document->print_elements(Array)
#22 C:\xampp\htdocs\Websites\ecommerce\wp-content\plugins\elementor\includes\frontend.php(1038): ElementorPro\Modules\ThemeBuilder\Documents\Theme_Document->print_elements_with_wrapper(Array)
#23 C:\xampp\htdocs\Websites\ecommerce\wp-content\plugins\elementor\core\base\document.php(1031): Elementor\Frontend->get_builder_content(444, false)
#24 C:\xampp\htdocs\Websites\ecommerce\wp-content\plugins\elementor-pro\modules\theme-builder\documents\theme-document.php(187): Elementor\Core\Base\Document->get_content(false)
#25 C:\xampp\htdocs\Websites\ecommerce\wp-content\plugins\elementor-pro\modules\theme-builder\documents\theme-document.php(200): ElementorPro\Modules\ThemeBuilder\Documents\Theme_Document->get_content()
#26 C:\xampp\htdocs\Websites\ecommerce\wp-content\plugins\elementor-pro\modules\theme-builder\documents\single-base.php(93): ElementorPro\Modules\ThemeBuilder\Documents\Theme_Document->print_content()
#27 C:\xampp\htdocs\Websites\ecommerce\wp-content\plugins\elementor-pro\modules\woocommerce\documents\product.php(132): ElementorPro\Modules\ThemeBuilder\Documents\Single_Base->print_content()
#28 C:\xampp\htdocs\Websites\ecommerce\wp-content\plugins\elementor-pro\modules\theme-builder\classes\locations-manager.php(305): ElementorPro\Modules\Woocommerce\Documents\Product->print_content()
#29 C:\xampp\htdocs\Websites\ecommerce\wp-content\plugins\elementor-pro\modules\theme-builder\classes\locations-manager.php(181): ElementorPro\Modules\ThemeBuilder\Classes\Locations_Manager->do_location('single')
#30 [internal function]: ElementorPro\Modules\ThemeBuilder\Classes\Locations_Manager->ElementorPro\Modules\ThemeBuilder\Classes\{closure}()
#31 C:\xampp\htdocs\Websites\ecommerce\wp-content\plugins\elementor\modules\page-templates\module.php(207): call_user_func(Object(Closure))
#32 C:\xampp\htdocs\Websites\ecommerce\wp-content\plugins\elementor\modules\page-templates\templates\header-footer.php(19): Elementor\Modules\PageTemplates\Module->print_content()
#33 C:\xampp\htdocs\Websites\ecommerce\wp-includes\template-loader.php(106): include('C:\\xampp\\htdocs...')
#34 C:\xampp\htdocs\Websites\ecommerce\wp-blog-header.php(19): require_once('C:\\xampp\\htdocs...')
#35 C:\xampp\htdocs\Websites\ecommerce\index.php(17): require('C:\\xampp\\htdocs...')
#36 {main}
  thrown in C:\xampp\htdocs\Websites\ecommerce\wp-content\plugins\woocommerce\packages\woocommerce-blocks\src\RestApi.php on line 64

